ARM GAS  C:\DOCUME~1\TECHCO~1\LOCALS~1\Temp/ccEpaaaa.s 			page 1


   1              		.file	"bluetooth.c"
   2              		.section	.debug_abbrev,"",%progbits
   3              	.Ldebug_abbrev0:
   4              		.section	.debug_info,"",%progbits
   5              	.Ldebug_info0:
   6              		.section	.debug_line,"",%progbits
   7              	.Ldebug_line0:
   8 0000 7E000000 		.text
   8      02006100 
   8      00000201 
   8      FB0E0A00 
   8      01010101 
   9              	.Ltext0:
  10              		.align	2
  11              		.global	initBluetooth
  12              		.type	initBluetooth, %function
  13              	initBluetooth:
  14              	.LFB2:
  15              		.file 1 "bluetooth.c"
   1:bluetooth.c   **** #include "global.h"
   2:bluetooth.c   **** #include "bluetooth.h"
   3:bluetooth.c   **** #include "molecubePacket.h"
   4:bluetooth.c   **** 
   5:bluetooth.c   **** void initBluetooth(void)
   6:bluetooth.c   **** {
  16              		.loc 1 6 0
  17              		@ args = 0, pretend = 0, frame = 0
  18              		@ frame_needed = 0, uses_anonymous_args = 0
  19              		@ link register save eliminated.
  20              		@ lr needed for prologue
   7:bluetooth.c   **** 	// Set control pin
   8:bluetooth.c   **** 	IO1DIR |= (1<<INT_RADIO_ISOLATE);
  21              		.loc 1 8 0
  22 0000 0E22A0E3 		mov	r2, #-536870912
  23 0004 0A1982E2 		add	r1, r2, #163840
  24 0008 183091E5 		ldr	r3, [r1, #24]
  25 000c 013683E3 		orr	r3, r3, #1048576
  26 0010 183081E5 		str	r3, [r1, #24]
   9:bluetooth.c   **** 	IO1CLR |= (1<<INT_RADIO_ISOLATE);
  27              		.loc 1 9 0
  28 0014 1C3091E5 		ldr	r3, [r1, #28]
  29 0018 013683E3 		orr	r3, r3, #1048576
  30 001c 1C3081E5 		str	r3, [r1, #28]
  10:bluetooth.c   **** 
  11:bluetooth.c   **** 	// Initialize Baudrate
  12:bluetooth.c   **** 	//uart0Init(UART_BAUD(115200), UART_8N1, UART_FIFO_8);
  13:bluetooth.c   **** 	U0LCR = ULCR_DLAB_ENABLE;
  31              		.loc 1 13 0
  32 0020 032982E2 		add	r2, r2, #49152
  33 0024 7F30E0E3 		mvn	r3, #127
  34 0028 0C30C2E5 		strb	r3, [r2, #12]
  14:bluetooth.c   **** 	U0FDR = 0xE5;
  35              		.loc 1 14 0
  36 002c 653083E2 		add	r3, r3, #101
  37 0030 2830C2E5 		strb	r3, [r2, #40]
  15:bluetooth.c   **** 	U0DLL = 24;
  38              		.loc 1 15 0
ARM GAS  C:\DOCUME~1\TECHCO~1\LOCALS~1\Temp/ccEpaaaa.s 			page 2


  39 0034 333083E2 		add	r3, r3, #51
  40 0038 0030C2E5 		strb	r3, [r2, #0]
  16:bluetooth.c   **** 	U0DLM = 0;
  41              		.loc 1 16 0
  42 003c 183043E2 		sub	r3, r3, #24
  43 0040 0430C2E5 		strb	r3, [r2, #4]
  17:bluetooth.c   **** 	U0LCR = UART_8N1;
  44              		.loc 1 17 0
  45 0044 033083E2 		add	r3, r3, #3
  46 0048 0C30C2E5 		strb	r3, [r2, #12]
  18:bluetooth.c   **** 
  19:bluetooth.c   **** 	// Disable Internal Serial Bus
  20:bluetooth.c   **** 	RS232_INT_DISABLE_RX;
  47              		.loc 1 20 0
  48 004c 1C3091E5 		ldr	r3, [r1, #28]
  49 0050 023883E3 		orr	r3, r3, #131072
  50 0054 1C3081E5 		str	r3, [r1, #28]
  21:bluetooth.c   **** 	RS232_INT_DISABLE_TX;
  51              		.loc 1 21 0
  52 0058 1C3091E5 		ldr	r3, [r1, #28]
  53 005c 013883E3 		orr	r3, r3, #65536
  54 0060 1C3081E5 		str	r3, [r1, #28]
  22:bluetooth.c   **** 	// Enable Radio Interface
  23:bluetooth.c   **** 	RS232_INT_RADIO_ENABLE;
  55              		.loc 1 23 0
  56 0064 143091E5 		ldr	r3, [r1, #20]
  57 0068 013683E3 		orr	r3, r3, #1048576
  58 006c 143081E5 		str	r3, [r1, #20]
  24:bluetooth.c   **** }
  59              		.loc 1 24 0
  60 0070 1EFF2FE1 		bx	lr
  61              	.LFE2:
  62              		.size	initBluetooth, .-initBluetooth
  63              		.comm	cmdBufferData,128,1
  64              		.comm	cmdBuffer,12,4
  65              		.comm	int_busRxPkt,132,4
  66              		.comm	ext_busRxPkt,132,4
  67              		.section	.debug_frame,"",%progbits
  68              	.Lframe0:
  69 0000 0C000000 		.4byte	.LECIE0-.LSCIE0
  70              	.LSCIE0:
  71 0004 FFFFFFFF 		.4byte	0xffffffff
  72 0008 01       		.byte	0x1
  73 0009 00       		.ascii	"\000"
  74 000a 01       		.uleb128 0x1
  75 000b 7C       		.sleb128 -4
  76 000c 0E       		.byte	0xe
  77 000d 0C       		.byte	0xc
  78 000e 0D       		.uleb128 0xd
  79 000f 00       		.uleb128 0x0
  80              		.align	2
  81              	.LECIE0:
  82              	.LSFDE0:
  83 0010 0C000000 		.4byte	.LEFDE0-.LASFDE0
  84              	.LASFDE0:
  85 0014 00000000 		.4byte	.Lframe0
  86 0018 00000000 		.4byte	.LFB2
ARM GAS  C:\DOCUME~1\TECHCO~1\LOCALS~1\Temp/ccEpaaaa.s 			page 3


  87 001c 74000000 		.4byte	.LFE2-.LFB2
  88              		.align	2
  89              	.LEFDE0:
  90              		.file 2 "molecubePacket.h"
  91              		.file 3 "C:\\WinARM\\armlib/buffer.h"
  92              		.file 4 "C:\\WinARM\\armlib/armlibtypes.h"
  93              		.text
  94              	.Letext0:
  95              		.section	.debug_info
  96 0000 AC010000 		.4byte	0x1ac
  97 0004 0200     		.2byte	0x2
  98 0006 00000000 		.4byte	.Ldebug_abbrev0
  99 000a 04       		.byte	0x4
 100 000b 01       		.uleb128 0x1
 101 000c 00000000 		.4byte	.Ldebug_line0
 102 0010 74000000 		.4byte	.Letext0
 103 0014 00000000 		.4byte	.Ltext0
 104 0018 ED000000 		.4byte	.LASF23
 105 001c 01       		.byte	0x1
 106 001d 58000000 		.4byte	.LASF24
 107 0021 A6000000 		.4byte	.LASF25
 108 0025 02       		.uleb128 0x2
 109 0026 75303800 		.ascii	"u08\000"
 110 002a 04       		.byte	0x4
 111 002b 20       		.byte	0x20
 112 002c 30000000 		.4byte	0x30
 113 0030 03       		.uleb128 0x3
 114 0031 09010000 		.4byte	.LASF0
 115 0035 01       		.byte	0x1
 116 0036 08       		.byte	0x8
 117 0037 03       		.uleb128 0x3
 118 0038 33000000 		.4byte	.LASF1
 119 003c 01       		.byte	0x1
 120 003d 06       		.byte	0x6
 121 003e 03       		.uleb128 0x3
 122 003f 52010000 		.4byte	.LASF2
 123 0043 02       		.byte	0x2
 124 0044 07       		.byte	0x7
 125 0045 03       		.uleb128 0x3
 126 0046 17010000 		.4byte	.LASF3
 127 004a 02       		.byte	0x2
 128 004b 05       		.byte	0x5
 129 004c 03       		.uleb128 0x3
 130 004d 80000000 		.4byte	.LASF4
 131 0051 04       		.byte	0x4
 132 0052 07       		.byte	0x7
 133 0053 03       		.uleb128 0x3
 134 0054 4F000000 		.4byte	.LASF5
 135 0058 04       		.byte	0x4
 136 0059 05       		.byte	0x5
 137 005a 03       		.uleb128 0x3
 138 005b 0E000000 		.4byte	.LASF6
 139 005f 08       		.byte	0x8
 140 0060 07       		.byte	0x7
 141 0061 03       		.uleb128 0x3
 142 0062 25000000 		.4byte	.LASF7
 143 0066 08       		.byte	0x8
ARM GAS  C:\DOCUME~1\TECHCO~1\LOCALS~1\Temp/ccEpaaaa.s 			page 4


 144 0067 05       		.byte	0x5
 145 0068 03       		.uleb128 0x3
 146 0069 64000000 		.4byte	.LASF8
 147 006d 04       		.byte	0x4
 148 006e 07       		.byte	0x7
 149 006f 03       		.uleb128 0x3
 150 0070 37010000 		.4byte	.LASF9
 151 0074 01       		.byte	0x1
 152 0075 08       		.byte	0x8
 153 0076 04       		.uleb128 0x4
 154 0077 696E7400 		.ascii	"int\000"
 155 007b 04       		.byte	0x4
 156 007c 05       		.byte	0x5
 157 007d 03       		.uleb128 0x3
 158 007e 80000000 		.4byte	.LASF4
 159 0082 04       		.byte	0x4
 160 0083 07       		.byte	0x7
 161 0084 05       		.uleb128 0x5
 162 0085 C9000000 		.4byte	0xc9
 163 0089 71000000 		.4byte	.LASF26
 164 008d 0C       		.byte	0xc
 165 008e 03       		.byte	0x3
 166 008f 2A       		.byte	0x2a
 167 0090 06       		.uleb128 0x6
 168 0091 4A010000 		.4byte	.LASF10
 169 0095 03       		.byte	0x3
 170 0096 2B       		.byte	0x2b
 171 0097 C9000000 		.4byte	0xc9
 172 009b 02       		.byte	0x2
 173 009c 23       		.byte	0x23
 174 009d 00       		.uleb128 0x0
 175 009e 06       		.uleb128 0x6
 176 009f 3F000000 		.4byte	.LASF11
 177 00a3 03       		.byte	0x3
 178 00a4 2C       		.byte	0x2c
 179 00a5 3E000000 		.4byte	0x3e
 180 00a9 02       		.byte	0x2
 181 00aa 23       		.byte	0x23
 182 00ab 04       		.uleb128 0x4
 183 00ac 06       		.uleb128 0x6
 184 00ad 44000000 		.4byte	.LASF12
 185 00b1 03       		.byte	0x3
 186 00b2 2D       		.byte	0x2d
 187 00b3 3E000000 		.4byte	0x3e
 188 00b7 02       		.byte	0x2
 189 00b8 23       		.byte	0x23
 190 00b9 06       		.uleb128 0x6
 191 00ba 06       		.uleb128 0x6
 192 00bb 9C000000 		.4byte	.LASF13
 193 00bf 03       		.byte	0x3
 194 00c0 2E       		.byte	0x2e
 195 00c1 3E000000 		.4byte	0x3e
 196 00c5 02       		.byte	0x2
 197 00c6 23       		.byte	0x23
 198 00c7 08       		.uleb128 0x8
 199 00c8 00       		.byte	0x0
 200 00c9 07       		.uleb128 0x7
ARM GAS  C:\DOCUME~1\TECHCO~1\LOCALS~1\Temp/ccEpaaaa.s 			page 5


 201 00ca 04       		.byte	0x4
 202 00cb 30000000 		.4byte	0x30
 203 00cf 08       		.uleb128 0x8
 204 00d0 65010000 		.4byte	.LASF14
 205 00d4 03       		.byte	0x3
 206 00d5 2F       		.byte	0x2f
 207 00d6 84000000 		.4byte	0x84
 208 00da 09       		.uleb128 0x9
 209 00db 29010000 		.4byte	0x129
 210 00df 84       		.byte	0x84
 211 00e0 02       		.byte	0x2
 212 00e1 22       		.byte	0x22
 213 00e2 0A       		.uleb128 0xa
 214 00e3 696400   		.ascii	"id\000"
 215 00e6 02       		.byte	0x2
 216 00e7 23       		.byte	0x23
 217 00e8 25000000 		.4byte	0x25
 218 00ec 02       		.byte	0x2
 219 00ed 23       		.byte	0x23
 220 00ee 00       		.uleb128 0x0
 221 00ef 06       		.uleb128 0x6
 222 00f0 21010000 		.4byte	.LASF15
 223 00f4 02       		.byte	0x2
 224 00f5 24       		.byte	0x24
 225 00f6 25000000 		.4byte	0x25
 226 00fa 02       		.byte	0x2
 227 00fb 23       		.byte	0x23
 228 00fc 01       		.uleb128 0x1
 229 00fd 0A       		.uleb128 0xa
 230 00fe 636D6400 		.ascii	"cmd\000"
 231 0102 02       		.byte	0x2
 232 0103 25       		.byte	0x25
 233 0104 25000000 		.4byte	0x25
 234 0108 02       		.byte	0x2
 235 0109 23       		.byte	0x23
 236 010a 02       		.uleb128 0x2
 237 010b 06       		.uleb128 0x6
 238 010c 02010000 		.4byte	.LASF16
 239 0110 02       		.byte	0x2
 240 0111 26       		.byte	0x26
 241 0112 29010000 		.4byte	0x129
 242 0116 02       		.byte	0x2
 243 0117 23       		.byte	0x23
 244 0118 03       		.uleb128 0x3
 245 0119 06       		.uleb128 0x6
 246 011a D7000000 		.4byte	.LASF17
 247 011e 02       		.byte	0x2
 248 011f 27       		.byte	0x27
 249 0120 25000000 		.4byte	0x25
 250 0124 03       		.byte	0x3
 251 0125 23       		.byte	0x23
 252 0126 8301     		.uleb128 0x83
 253 0128 00       		.byte	0x0
 254 0129 0B       		.uleb128 0xb
 255 012a 39010000 		.4byte	0x139
 256 012e 25000000 		.4byte	0x25
 257 0132 0C       		.uleb128 0xc
ARM GAS  C:\DOCUME~1\TECHCO~1\LOCALS~1\Temp/ccEpaaaa.s 			page 6


 258 0133 7D000000 		.4byte	0x7d
 259 0137 7F       		.byte	0x7f
 260 0138 00       		.byte	0x0
 261 0139 08       		.uleb128 0x8
 262 013a 6D010000 		.4byte	.LASF18
 263 013e 02       		.byte	0x2
 264 013f 28       		.byte	0x28
 265 0140 DA000000 		.4byte	0xda
 266 0144 0D       		.uleb128 0xd
 267 0145 01       		.byte	0x1
 268 0146 3C010000 		.4byte	.LASF27
 269 014a 01       		.byte	0x1
 270 014b 06       		.byte	0x6
 271 014c 01       		.byte	0x1
 272 014d 00000000 		.4byte	.LFB2
 273 0151 74000000 		.4byte	.LFE2
 274 0155 01       		.byte	0x1
 275 0156 5D       		.byte	0x5d
 276 0157 0B       		.uleb128 0xb
 277 0158 67010000 		.4byte	0x167
 278 015c 30000000 		.4byte	0x30
 279 0160 0C       		.uleb128 0xc
 280 0161 7D000000 		.4byte	0x7d
 281 0165 7F       		.byte	0x7f
 282 0166 00       		.byte	0x0
 283 0167 0E       		.uleb128 0xe
 284 0168 00000000 		.4byte	.LASF19
 285 016c 02       		.byte	0x2
 286 016d 1F       		.byte	0x1f
 287 016e 57010000 		.4byte	0x157
 288 0172 01       		.byte	0x1
 289 0173 05       		.byte	0x5
 290 0174 03       		.byte	0x3
 291 0175 00000000 		.4byte	cmdBufferData
 292 0179 0E       		.uleb128 0xe
 293 017a 92000000 		.4byte	.LASF20
 294 017e 02       		.byte	0x2
 295 017f 20       		.byte	0x20
 296 0180 CF000000 		.4byte	0xcf
 297 0184 01       		.byte	0x1
 298 0185 05       		.byte	0x5
 299 0186 03       		.byte	0x3
 300 0187 00000000 		.4byte	cmdBuffer
 301 018b 0E       		.uleb128 0xe
 302 018c E0000000 		.4byte	.LASF21
 303 0190 02       		.byte	0x2
 304 0191 2A       		.byte	0x2a
 305 0192 39010000 		.4byte	0x139
 306 0196 01       		.byte	0x1
 307 0197 05       		.byte	0x5
 308 0198 03       		.byte	0x3
 309 0199 00000000 		.4byte	int_busRxPkt
 310 019d 0E       		.uleb128 0xe
 311 019e 2A010000 		.4byte	.LASF22
 312 01a2 02       		.byte	0x2
 313 01a3 2B       		.byte	0x2b
 314 01a4 39010000 		.4byte	0x139
ARM GAS  C:\DOCUME~1\TECHCO~1\LOCALS~1\Temp/ccEpaaaa.s 			page 7


 315 01a8 01       		.byte	0x1
 316 01a9 05       		.byte	0x5
 317 01aa 03       		.byte	0x3
 318 01ab 00000000 		.4byte	ext_busRxPkt
 319 01af 00       		.byte	0x0
 320              		.section	.debug_abbrev
 321 0000 01       		.uleb128 0x1
 322 0001 11       		.uleb128 0x11
 323 0002 01       		.byte	0x1
 324 0003 10       		.uleb128 0x10
 325 0004 06       		.uleb128 0x6
 326 0005 12       		.uleb128 0x12
 327 0006 01       		.uleb128 0x1
 328 0007 11       		.uleb128 0x11
 329 0008 01       		.uleb128 0x1
 330 0009 25       		.uleb128 0x25
 331 000a 0E       		.uleb128 0xe
 332 000b 13       		.uleb128 0x13
 333 000c 0B       		.uleb128 0xb
 334 000d 03       		.uleb128 0x3
 335 000e 0E       		.uleb128 0xe
 336 000f 1B       		.uleb128 0x1b
 337 0010 0E       		.uleb128 0xe
 338 0011 00       		.byte	0x0
 339 0012 00       		.byte	0x0
 340 0013 02       		.uleb128 0x2
 341 0014 16       		.uleb128 0x16
 342 0015 00       		.byte	0x0
 343 0016 03       		.uleb128 0x3
 344 0017 08       		.uleb128 0x8
 345 0018 3A       		.uleb128 0x3a
 346 0019 0B       		.uleb128 0xb
 347 001a 3B       		.uleb128 0x3b
 348 001b 0B       		.uleb128 0xb
 349 001c 49       		.uleb128 0x49
 350 001d 13       		.uleb128 0x13
 351 001e 00       		.byte	0x0
 352 001f 00       		.byte	0x0
 353 0020 03       		.uleb128 0x3
 354 0021 24       		.uleb128 0x24
 355 0022 00       		.byte	0x0
 356 0023 03       		.uleb128 0x3
 357 0024 0E       		.uleb128 0xe
 358 0025 0B       		.uleb128 0xb
 359 0026 0B       		.uleb128 0xb
 360 0027 3E       		.uleb128 0x3e
 361 0028 0B       		.uleb128 0xb
 362 0029 00       		.byte	0x0
 363 002a 00       		.byte	0x0
 364 002b 04       		.uleb128 0x4
 365 002c 24       		.uleb128 0x24
 366 002d 00       		.byte	0x0
 367 002e 03       		.uleb128 0x3
 368 002f 08       		.uleb128 0x8
 369 0030 0B       		.uleb128 0xb
 370 0031 0B       		.uleb128 0xb
 371 0032 3E       		.uleb128 0x3e
ARM GAS  C:\DOCUME~1\TECHCO~1\LOCALS~1\Temp/ccEpaaaa.s 			page 8


 372 0033 0B       		.uleb128 0xb
 373 0034 00       		.byte	0x0
 374 0035 00       		.byte	0x0
 375 0036 05       		.uleb128 0x5
 376 0037 13       		.uleb128 0x13
 377 0038 01       		.byte	0x1
 378 0039 01       		.uleb128 0x1
 379 003a 13       		.uleb128 0x13
 380 003b 03       		.uleb128 0x3
 381 003c 0E       		.uleb128 0xe
 382 003d 0B       		.uleb128 0xb
 383 003e 0B       		.uleb128 0xb
 384 003f 3A       		.uleb128 0x3a
 385 0040 0B       		.uleb128 0xb
 386 0041 3B       		.uleb128 0x3b
 387 0042 0B       		.uleb128 0xb
 388 0043 00       		.byte	0x0
 389 0044 00       		.byte	0x0
 390 0045 06       		.uleb128 0x6
 391 0046 0D       		.uleb128 0xd
 392 0047 00       		.byte	0x0
 393 0048 03       		.uleb128 0x3
 394 0049 0E       		.uleb128 0xe
 395 004a 3A       		.uleb128 0x3a
 396 004b 0B       		.uleb128 0xb
 397 004c 3B       		.uleb128 0x3b
 398 004d 0B       		.uleb128 0xb
 399 004e 49       		.uleb128 0x49
 400 004f 13       		.uleb128 0x13
 401 0050 38       		.uleb128 0x38
 402 0051 0A       		.uleb128 0xa
 403 0052 00       		.byte	0x0
 404 0053 00       		.byte	0x0
 405 0054 07       		.uleb128 0x7
 406 0055 0F       		.uleb128 0xf
 407 0056 00       		.byte	0x0
 408 0057 0B       		.uleb128 0xb
 409 0058 0B       		.uleb128 0xb
 410 0059 49       		.uleb128 0x49
 411 005a 13       		.uleb128 0x13
 412 005b 00       		.byte	0x0
 413 005c 00       		.byte	0x0
 414 005d 08       		.uleb128 0x8
 415 005e 16       		.uleb128 0x16
 416 005f 00       		.byte	0x0
 417 0060 03       		.uleb128 0x3
 418 0061 0E       		.uleb128 0xe
 419 0062 3A       		.uleb128 0x3a
 420 0063 0B       		.uleb128 0xb
 421 0064 3B       		.uleb128 0x3b
 422 0065 0B       		.uleb128 0xb
 423 0066 49       		.uleb128 0x49
 424 0067 13       		.uleb128 0x13
 425 0068 00       		.byte	0x0
 426 0069 00       		.byte	0x0
 427 006a 09       		.uleb128 0x9
 428 006b 13       		.uleb128 0x13
ARM GAS  C:\DOCUME~1\TECHCO~1\LOCALS~1\Temp/ccEpaaaa.s 			page 9


 429 006c 01       		.byte	0x1
 430 006d 01       		.uleb128 0x1
 431 006e 13       		.uleb128 0x13
 432 006f 0B       		.uleb128 0xb
 433 0070 0B       		.uleb128 0xb
 434 0071 3A       		.uleb128 0x3a
 435 0072 0B       		.uleb128 0xb
 436 0073 3B       		.uleb128 0x3b
 437 0074 0B       		.uleb128 0xb
 438 0075 00       		.byte	0x0
 439 0076 00       		.byte	0x0
 440 0077 0A       		.uleb128 0xa
 441 0078 0D       		.uleb128 0xd
 442 0079 00       		.byte	0x0
 443 007a 03       		.uleb128 0x3
 444 007b 08       		.uleb128 0x8
 445 007c 3A       		.uleb128 0x3a
 446 007d 0B       		.uleb128 0xb
 447 007e 3B       		.uleb128 0x3b
 448 007f 0B       		.uleb128 0xb
 449 0080 49       		.uleb128 0x49
 450 0081 13       		.uleb128 0x13
 451 0082 38       		.uleb128 0x38
 452 0083 0A       		.uleb128 0xa
 453 0084 00       		.byte	0x0
 454 0085 00       		.byte	0x0
 455 0086 0B       		.uleb128 0xb
 456 0087 01       		.uleb128 0x1
 457 0088 01       		.byte	0x1
 458 0089 01       		.uleb128 0x1
 459 008a 13       		.uleb128 0x13
 460 008b 49       		.uleb128 0x49
 461 008c 13       		.uleb128 0x13
 462 008d 00       		.byte	0x0
 463 008e 00       		.byte	0x0
 464 008f 0C       		.uleb128 0xc
 465 0090 21       		.uleb128 0x21
 466 0091 00       		.byte	0x0
 467 0092 49       		.uleb128 0x49
 468 0093 13       		.uleb128 0x13
 469 0094 2F       		.uleb128 0x2f
 470 0095 0B       		.uleb128 0xb
 471 0096 00       		.byte	0x0
 472 0097 00       		.byte	0x0
 473 0098 0D       		.uleb128 0xd
 474 0099 2E       		.uleb128 0x2e
 475 009a 00       		.byte	0x0
 476 009b 3F       		.uleb128 0x3f
 477 009c 0C       		.uleb128 0xc
 478 009d 03       		.uleb128 0x3
 479 009e 0E       		.uleb128 0xe
 480 009f 3A       		.uleb128 0x3a
 481 00a0 0B       		.uleb128 0xb
 482 00a1 3B       		.uleb128 0x3b
 483 00a2 0B       		.uleb128 0xb
 484 00a3 27       		.uleb128 0x27
 485 00a4 0C       		.uleb128 0xc
ARM GAS  C:\DOCUME~1\TECHCO~1\LOCALS~1\Temp/ccEpaaaa.s 			page 10


 486 00a5 11       		.uleb128 0x11
 487 00a6 01       		.uleb128 0x1
 488 00a7 12       		.uleb128 0x12
 489 00a8 01       		.uleb128 0x1
 490 00a9 40       		.uleb128 0x40
 491 00aa 0A       		.uleb128 0xa
 492 00ab 00       		.byte	0x0
 493 00ac 00       		.byte	0x0
 494 00ad 0E       		.uleb128 0xe
 495 00ae 34       		.uleb128 0x34
 496 00af 00       		.byte	0x0
 497 00b0 03       		.uleb128 0x3
 498 00b1 0E       		.uleb128 0xe
 499 00b2 3A       		.uleb128 0x3a
 500 00b3 0B       		.uleb128 0xb
 501 00b4 3B       		.uleb128 0x3b
 502 00b5 0B       		.uleb128 0xb
 503 00b6 49       		.uleb128 0x49
 504 00b7 13       		.uleb128 0x13
 505 00b8 3F       		.uleb128 0x3f
 506 00b9 0C       		.uleb128 0xc
 507 00ba 02       		.uleb128 0x2
 508 00bb 0A       		.uleb128 0xa
 509 00bc 00       		.byte	0x0
 510 00bd 00       		.byte	0x0
 511 00be 00       		.byte	0x0
 512              		.section	.debug_pubnames,"",%progbits
 513 0000 62000000 		.4byte	0x62
 514 0004 0200     		.2byte	0x2
 515 0006 00000000 		.4byte	.Ldebug_info0
 516 000a B0010000 		.4byte	0x1b0
 517 000e 44010000 		.4byte	0x144
 518 0012 696E6974 		.ascii	"initBluetooth\000"
 518      426C7565 
 518      746F6F74 
 518      6800
 519 0020 67010000 		.4byte	0x167
 520 0024 636D6442 		.ascii	"cmdBufferData\000"
 520      75666665 
 520      72446174 
 520      6100
 521 0032 79010000 		.4byte	0x179
 522 0036 636D6442 		.ascii	"cmdBuffer\000"
 522      75666665 
 522      7200
 523 0040 8B010000 		.4byte	0x18b
 524 0044 696E745F 		.ascii	"int_busRxPkt\000"
 524      62757352 
 524      78506B74 
 524      00
 525 0051 9D010000 		.4byte	0x19d
 526 0055 6578745F 		.ascii	"ext_busRxPkt\000"
 526      62757352 
 526      78506B74 
 526      00
 527 0062 00000000 		.4byte	0x0
 528              		.section	.debug_aranges,"",%progbits
ARM GAS  C:\DOCUME~1\TECHCO~1\LOCALS~1\Temp/ccEpaaaa.s 			page 11


 529 0000 1C000000 		.4byte	0x1c
 530 0004 0200     		.2byte	0x2
 531 0006 00000000 		.4byte	.Ldebug_info0
 532 000a 04       		.byte	0x4
 533 000b 00       		.byte	0x0
 534 000c 0000     		.2byte	0x0
 535 000e 0000     		.2byte	0x0
 536 0010 00000000 		.4byte	.Ltext0
 537 0014 74000000 		.4byte	.Letext0-.Ltext0
 538 0018 00000000 		.4byte	0x0
 539 001c 00000000 		.4byte	0x0
 540              		.section	.debug_str,"MS",%progbits,1
 541              	.LASF19:
 542 0000 636D6442 		.ascii	"cmdBufferData\000"
 542      75666665 
 542      72446174 
 542      6100
 543              	.LASF6:
 544 000e 6C6F6E67 		.ascii	"long long unsigned int\000"
 544      206C6F6E 
 544      6720756E 
 544      7369676E 
 544      65642069 
 545              	.LASF7:
 546 0025 6C6F6E67 		.ascii	"long long int\000"
 546      206C6F6E 
 546      6720696E 
 546      7400
 547              	.LASF1:
 548 0033 7369676E 		.ascii	"signed char\000"
 548      65642063 
 548      68617200 
 549              	.LASF11:
 550 003f 73697A65 		.ascii	"size\000"
 550      00
 551              	.LASF12:
 552 0044 64617461 		.ascii	"datalength\000"
 552      6C656E67 
 552      746800
 553              	.LASF5:
 554 004f 6C6F6E67 		.ascii	"long int\000"
 554      20696E74 
 554      00
 555              	.LASF24:
 556 0058 626C7565 		.ascii	"bluetooth.c\000"
 556      746F6F74 
 556      682E6300 
 557              	.LASF8:
 558 0064 756E7369 		.ascii	"unsigned int\000"
 558      676E6564 
 558      20696E74 
 558      00
 559              	.LASF26:
 560 0071 73747275 		.ascii	"struct_cBuffer\000"
 560      63745F63 
 560      42756666 
 560      657200
ARM GAS  C:\DOCUME~1\TECHCO~1\LOCALS~1\Temp/ccEpaaaa.s 			page 12


 561              	.LASF4:
 562 0080 6C6F6E67 		.ascii	"long unsigned int\000"
 562      20756E73 
 562      69676E65 
 562      6420696E 
 562      7400
 563              	.LASF20:
 564 0092 636D6442 		.ascii	"cmdBuffer\000"
 564      75666665 
 564      7200
 565              	.LASF13:
 566 009c 64617461 		.ascii	"dataindex\000"
 566      696E6465 
 566      7800
 567              	.LASF25:
 568 00a6 633A5C4D 		.ascii	"c:\\MScubes\\Simulator\\2008conv\\controller\\runti"
 568      53637562 
 568      65735C53 
 568      696D756C 
 568      61746F72 
 569 00d4 6D6500   		.ascii	"me\000"
 570              	.LASF17:
 571 00d7 70617261 		.ascii	"paramCnt\000"
 571      6D436E74 
 571      00
 572              	.LASF21:
 573 00e0 696E745F 		.ascii	"int_busRxPkt\000"
 573      62757352 
 573      78506B74 
 573      00
 574              	.LASF23:
 575 00ed 474E5520 		.ascii	"GNU C 4.1.1 (WinARM)\000"
 575      4320342E 
 575      312E3120 
 575      2857696E 
 575      41524D29 
 576              	.LASF16:
 577 0102 70617261 		.ascii	"params\000"
 577      6D7300
 578              	.LASF0:
 579 0109 756E7369 		.ascii	"unsigned char\000"
 579      676E6564 
 579      20636861 
 579      7200
 580              	.LASF3:
 581 0117 73686F72 		.ascii	"short int\000"
 581      7420696E 
 581      7400
 582              	.LASF15:
 583 0121 64657663 		.ascii	"devclass\000"
 583      6C617373 
 583      00
 584              	.LASF22:
 585 012a 6578745F 		.ascii	"ext_busRxPkt\000"
 585      62757352 
 585      78506B74 
 585      00
ARM GAS  C:\DOCUME~1\TECHCO~1\LOCALS~1\Temp/ccEpaaaa.s 			page 13


 586              	.LASF9:
 587 0137 63686172 		.ascii	"char\000"
 587      00
 588              	.LASF27:
 589 013c 696E6974 		.ascii	"initBluetooth\000"
 589      426C7565 
 589      746F6F74 
 589      6800
 590              	.LASF10:
 591 014a 64617461 		.ascii	"dataptr\000"
 591      70747200 
 592              	.LASF2:
 593 0152 73686F72 		.ascii	"short unsigned int\000"
 593      7420756E 
 593      7369676E 
 593      65642069 
 593      6E7400
 594              	.LASF14:
 595 0165 63427566 		.ascii	"cBuffer\000"
 595      66657200 
 596              	.LASF18:
 597 016d 5258504B 		.ascii	"RXPKT\000"
 597      5400
 598              		.ident	"GCC: (GNU) 4.1.1 (WinARM)"
ARM GAS  C:\DOCUME~1\TECHCO~1\LOCALS~1\Temp/ccEpaaaa.s 			page 14


DEFINED SYMBOLS
                            *ABS*:00000000 bluetooth.c
C:\DOCUME~1\TECHCO~1\LOCALS~1\Temp/ccEpaaaa.s:13     .text:00000000 initBluetooth
C:\DOCUME~1\TECHCO~1\LOCALS~1\Temp/ccEpaaaa.s:22     .text:00000000 $a
                            *COM*:00000080 cmdBufferData
                            *COM*:0000000c cmdBuffer
                            *COM*:00000084 int_busRxPkt
                            *COM*:00000084 ext_busRxPkt

NO UNDEFINED SYMBOLS
